{"/Users/sung-linhsieh/Desktop/Netnutrition-app/firebase.js": {"path":"/Users/sung-linhsieh/Desktop/Netnutrition-app/firebase.js","statementMap":{"0":{"start":{"line":6,"column":23},"end":{"line":14,"column":1}},"1":{"start":{"line":16,"column":12},"end":{"line":16,"column":41}},"2":{"start":{"line":18,"column":20},"end":{"line":20,"column":2}}},"fnMap":{},"branchMap":{},"s":{"0":3,"1":3,"2":3},"f":{},"b":{},"_coverageSchema":"1a1c01bbd47fc00a2c39e90264f33305004495a9","hash":"f4baebcb0f7b08c65401227cebaf0dc0ecb8be17"}
,"/Users/sung-linhsieh/Desktop/Netnutrition-app/components/ThemedText.tsx": {"path":"/Users/sung-linhsieh/Desktop/Netnutrition-app/components/ThemedText.tsx","statementMap":{"0":{"start":{"line":18,"column":16},"end":{"line":18,"column":77}},"1":{"start":{"line":20,"column":2},"end":{"line":33,"column":4}},"2":{"start":{"line":36,"column":15},"end":{"line":60,"column":2}}},"fnMap":{"0":{"name":"ThemedText","decl":{"start":{"line":11,"column":16},"end":{"line":11,"column":26}},"loc":{"start":{"line":17,"column":20},"end":{"line":34,"column":1}},"line":17}},"branchMap":{"0":{"loc":{"start":{"line":15,"column":2},"end":{"line":15,"column":18}},"type":"default-arg","locations":[{"start":{"line":15,"column":9},"end":{"line":15,"column":18}}],"line":15},"1":{"loc":{"start":{"line":24,"column":8},"end":{"line":24,"column":55}},"type":"cond-expr","locations":[{"start":{"line":24,"column":29},"end":{"line":24,"column":43}},{"start":{"line":24,"column":46},"end":{"line":24,"column":55}}],"line":24},"2":{"loc":{"start":{"line":25,"column":8},"end":{"line":25,"column":51}},"type":"cond-expr","locations":[{"start":{"line":25,"column":27},"end":{"line":25,"column":39}},{"start":{"line":25,"column":42},"end":{"line":25,"column":51}}],"line":25},"3":{"loc":{"start":{"line":26,"column":8},"end":{"line":26,"column":71}},"type":"cond-expr","locations":[{"start":{"line":26,"column":37},"end":{"line":26,"column":59}},{"start":{"line":26,"column":62},"end":{"line":26,"column":71}}],"line":26},"4":{"loc":{"start":{"line":27,"column":8},"end":{"line":27,"column":57}},"type":"cond-expr","locations":[{"start":{"line":27,"column":30},"end":{"line":27,"column":45}},{"start":{"line":27,"column":48},"end":{"line":27,"column":57}}],"line":27},"5":{"loc":{"start":{"line":28,"column":8},"end":{"line":28,"column":49}},"type":"cond-expr","locations":[{"start":{"line":28,"column":26},"end":{"line":28,"column":37}},{"start":{"line":28,"column":40},"end":{"line":28,"column":49}}],"line":28}},"s":{"0":1,"1":1,"2":1},"f":{"0":1},"b":{"0":[1],"1":[1,0],"2":[0,1],"3":[0,1],"4":[0,1],"5":[0,1]},"_coverageSchema":"1a1c01bbd47fc00a2c39e90264f33305004495a9","hash":"b045c5da58256af7f3462bb7026f2c611f385604"}
,"/Users/sung-linhsieh/Desktop/Netnutrition-app/constants/Colors.ts": {"path":"/Users/sung-linhsieh/Desktop/Netnutrition-app/constants/Colors.ts","statementMap":{"0":{"start":{"line":6,"column":23},"end":{"line":6,"column":32}},"1":{"start":{"line":7,"column":22},"end":{"line":7,"column":28}},"2":{"start":{"line":9,"column":22},"end":{"line":26,"column":1}}},"fnMap":{},"branchMap":{},"s":{"0":1,"1":1,"2":1},"f":{},"b":{},"_coverageSchema":"1a1c01bbd47fc00a2c39e90264f33305004495a9","hash":"d9272705edb029e00a48008a9c8286a16fa6c769"}
,"/Users/sung-linhsieh/Desktop/Netnutrition-app/hooks/useThemeColor.ts": {"path":"/Users/sung-linhsieh/Desktop/Netnutrition-app/hooks/useThemeColor.ts","statementMap":{"0":{"start":{"line":14,"column":16},"end":{"line":14,"column":43}},"1":{"start":{"line":15,"column":25},"end":{"line":15,"column":37}},"2":{"start":{"line":17,"column":2},"end":{"line":21,"column":3}},"3":{"start":{"line":18,"column":4},"end":{"line":18,"column":26}},"4":{"start":{"line":20,"column":4},"end":{"line":20,"column":36}}},"fnMap":{"0":{"name":"useThemeColor","decl":{"start":{"line":10,"column":16},"end":{"line":10,"column":29}},"loc":{"start":{"line":13,"column":2},"end":{"line":22,"column":1}},"line":13}},"branchMap":{"0":{"loc":{"start":{"line":14,"column":16},"end":{"line":14,"column":43}},"type":"binary-expr","locations":[{"start":{"line":14,"column":16},"end":{"line":14,"column":32}},{"start":{"line":14,"column":36},"end":{"line":14,"column":43}}],"line":14},"1":{"loc":{"start":{"line":17,"column":2},"end":{"line":21,"column":3}},"type":"if","locations":[{"start":{"line":17,"column":2},"end":{"line":21,"column":3}},{"start":{"line":19,"column":9},"end":{"line":21,"column":3}}],"line":17}},"s":{"0":1,"1":1,"2":1,"3":0,"4":1},"f":{"0":1},"b":{"0":[1,0],"1":[0,1]},"_coverageSchema":"1a1c01bbd47fc00a2c39e90264f33305004495a9","hash":"a4bee032fb2ee8fcf72d82dcb703e80acfba877f"}
,"/Users/sung-linhsieh/Desktop/Netnutrition-app/screens/DiningHalls.js": {"path":"/Users/sung-linhsieh/Desktop/Netnutrition-app/screens/DiningHalls.js","statementMap":{"0":{"start":{"line":8,"column":20},"end":{"line":164,"column":1}},"1":{"start":{"line":9,"column":42},"end":{"line":9,"column":54}},"2":{"start":{"line":10,"column":34},"end":{"line":10,"column":48}},"3":{"start":{"line":11,"column":30},"end":{"line":11,"column":44}},"4":{"start":{"line":12,"column":19},"end":{"line":12,"column":28}},"5":{"start":{"line":14,"column":4},"end":{"line":16,"column":11}},"6":{"start":{"line":15,"column":8},"end":{"line":15,"column":27}},"7":{"start":{"line":18,"column":29},"end":{"line":42,"column":5}},"8":{"start":{"line":19,"column":8},"end":{"line":41,"column":9}},"9":{"start":{"line":20,"column":29},"end":{"line":20,"column":78}},"10":{"start":{"line":21,"column":25},"end":{"line":21,"column":46}},"11":{"start":{"line":22,"column":35},"end":{"line":26,"column":15}},"12":{"start":{"line":23,"column":38},"end":{"line":23,"column":106}},"13":{"start":{"line":24,"column":34},"end":{"line":24,"column":60}},"14":{"start":{"line":25,"column":16},"end":{"line":25,"column":53}},"15":{"start":{"line":28,"column":32},"end":{"line":33,"column":14}},"16":{"start":{"line":29,"column":32},"end":{"line":29,"column":52}},"17":{"start":{"line":30,"column":32},"end":{"line":30,"column":52}},"18":{"start":{"line":31,"column":16},"end":{"line":31,"column":50}},"19":{"start":{"line":31,"column":41},"end":{"line":31,"column":50}},"20":{"start":{"line":32,"column":16},"end":{"line":32,"column":40}},"21":{"start":{"line":35,"column":12},"end":{"line":35,"column":40}},"22":{"start":{"line":37,"column":12},"end":{"line":37,"column":65}},"23":{"start":{"line":38,"column":12},"end":{"line":38,"column":53}},"24":{"start":{"line":40,"column":12},"end":{"line":40,"column":30}},"25":{"start":{"line":44,"column":31},"end":{"line":54,"column":5}},"26":{"start":{"line":45,"column":21},"end":{"line":45,"column":37}},"27":{"start":{"line":46,"column":8},"end":{"line":53,"column":9}},"28":{"start":{"line":47,"column":12},"end":{"line":50,"column":15}},"29":{"start":{"line":52,"column":12},"end":{"line":52,"column":49}},"30":{"start":{"line":56,"column":24},"end":{"line":74,"column":5}},"31":{"start":{"line":57,"column":8},"end":{"line":57,"column":55}},"32":{"start":{"line":57,"column":42},"end":{"line":57,"column":55}},"33":{"start":{"line":59,"column":20},"end":{"line":59,"column":30}},"34":{"start":{"line":60,"column":27},"end":{"line":60,"column":79}},"35":{"start":{"line":61,"column":28},"end":{"line":61,"column":42}},"36":{"start":{"line":62,"column":30},"end":{"line":62,"column":46}},"37":{"start":{"line":63,"column":28},"end":{"line":63,"column":117}},"38":{"start":{"line":65,"column":27},"end":{"line":65,"column":64}},"39":{"start":{"line":65,"column":43},"end":{"line":65,"column":63}},"40":{"start":{"line":66,"column":8},"end":{"line":72,"column":9}},"41":{"start":{"line":67,"column":30},"end":{"line":67,"column":40}},"42":{"start":{"line":68,"column":12},"end":{"line":71,"column":15}},"43":{"start":{"line":69,"column":16},"end":{"line":69,"column":40}},"44":{"start":{"line":69,"column":27},"end":{"line":69,"column":40}},"45":{"start":{"line":70,"column":16},"end":{"line":70,"column":76}},"46":{"start":{"line":73,"column":8},"end":{"line":73,"column":21}},"47":{"start":{"line":76,"column":26},"end":{"line":78,"column":5}},"48":{"start":{"line":77,"column":8},"end":{"line":77,"column":75}},"49":{"start":{"line":80,"column":4},"end":{"line":86,"column":5}},"50":{"start":{"line":81,"column":8},"end":{"line":85,"column":10}},"51":{"start":{"line":88,"column":4},"end":{"line":94,"column":5}},"52":{"start":{"line":89,"column":8},"end":{"line":93,"column":10}},"53":{"start":{"line":96,"column":4},"end":{"line":102,"column":5}},"54":{"start":{"line":97,"column":8},"end":{"line":101,"column":10}},"55":{"start":{"line":104,"column":4},"end":{"line":163,"column":6}},"56":{"start":{"line":122,"column":40},"end":{"line":122,"column":49}},"57":{"start":{"line":124,"column":20},"end":{"line":159,"column":27}},"58":{"start":{"line":144,"column":51},"end":{"line":146,"column":38}},"59":{"start":{"line":153,"column":51},"end":{"line":155,"column":38}},"60":{"start":{"line":166,"column":15},"end":{"line":243,"column":2}}},"fnMap":{"0":{"name":"(anonymous_0)","decl":{"start":{"line":8,"column":20},"end":{"line":8,"column":21}},"loc":{"start":{"line":8,"column":40},"end":{"line":164,"column":1}},"line":8},"1":{"name":"(anonymous_1)","decl":{"start":{"line":14,"column":14},"end":{"line":14,"column":15}},"loc":{"start":{"line":14,"column":20},"end":{"line":16,"column":5}},"line":14},"2":{"name":"(anonymous_2)","decl":{"start":{"line":18,"column":29},"end":{"line":18,"column":30}},"loc":{"start":{"line":18,"column":41},"end":{"line":42,"column":5}},"line":18},"3":{"name":"(anonymous_3)","decl":{"start":{"line":22,"column":62},"end":{"line":22,"column":63}},"loc":{"start":{"line":22,"column":78},"end":{"line":26,"column":13}},"line":22},"4":{"name":"(anonymous_4)","decl":{"start":{"line":28,"column":52},"end":{"line":28,"column":53}},"loc":{"start":{"line":28,"column":62},"end":{"line":33,"column":13}},"line":28},"5":{"name":"(anonymous_5)","decl":{"start":{"line":44,"column":31},"end":{"line":44,"column":32}},"loc":{"start":{"line":44,"column":37},"end":{"line":54,"column":5}},"line":44},"6":{"name":"(anonymous_6)","decl":{"start":{"line":56,"column":24},"end":{"line":56,"column":25}},"loc":{"start":{"line":56,"column":35},"end":{"line":74,"column":5}},"line":56},"7":{"name":"(anonymous_7)","decl":{"start":{"line":65,"column":38},"end":{"line":65,"column":39}},"loc":{"start":{"line":65,"column":43},"end":{"line":65,"column":63}},"line":65},"8":{"name":"(anonymous_8)","decl":{"start":{"line":68,"column":45},"end":{"line":68,"column":46}},"loc":{"start":{"line":68,"column":53},"end":{"line":71,"column":13}},"line":68},"9":{"name":"(anonymous_9)","decl":{"start":{"line":76,"column":26},"end":{"line":76,"column":27}},"loc":{"start":{"line":76,"column":32},"end":{"line":78,"column":5}},"line":76},"10":{"name":"(anonymous_10)","decl":{"start":{"line":122,"column":30},"end":{"line":122,"column":31}},"loc":{"start":{"line":122,"column":40},"end":{"line":122,"column":49}},"line":122},"11":{"name":"(anonymous_11)","decl":{"start":{"line":123,"column":28},"end":{"line":123,"column":29}},"loc":{"start":{"line":124,"column":20},"end":{"line":159,"column":27}},"line":124},"12":{"name":"(anonymous_12)","decl":{"start":{"line":144,"column":45},"end":{"line":144,"column":46}},"loc":{"start":{"line":144,"column":51},"end":{"line":146,"column":38}},"line":144},"13":{"name":"(anonymous_13)","decl":{"start":{"line":153,"column":45},"end":{"line":153,"column":46}},"loc":{"start":{"line":153,"column":51},"end":{"line":155,"column":38}},"line":153}},"branchMap":{"0":{"loc":{"start":{"line":31,"column":16},"end":{"line":31,"column":50}},"type":"if","locations":[{"start":{"line":31,"column":16},"end":{"line":31,"column":50}},{"start":{},"end":{}}],"line":31},"1":{"loc":{"start":{"line":32,"column":23},"end":{"line":32,"column":39}},"type":"cond-expr","locations":[{"start":{"line":32,"column":33},"end":{"line":32,"column":35}},{"start":{"line":32,"column":38},"end":{"line":32,"column":39}}],"line":32},"2":{"loc":{"start":{"line":46,"column":8},"end":{"line":53,"column":9}},"type":"if","locations":[{"start":{"line":46,"column":8},"end":{"line":53,"column":9}},{"start":{"line":51,"column":15},"end":{"line":53,"column":9}}],"line":46},"3":{"loc":{"start":{"line":48,"column":22},"end":{"line":48,"column":48}},"type":"binary-expr","locations":[{"start":{"line":48,"column":22},"end":{"line":48,"column":38}},{"start":{"line":48,"column":42},"end":{"line":48,"column":48}}],"line":48},"4":{"loc":{"start":{"line":57,"column":8},"end":{"line":57,"column":55}},"type":"if","locations":[{"start":{"line":57,"column":8},"end":{"line":57,"column":55}},{"start":{},"end":{}}],"line":57},"5":{"loc":{"start":{"line":57,"column":12},"end":{"line":57,"column":40}},"type":"binary-expr","locations":[{"start":{"line":57,"column":12},"end":{"line":57,"column":18}},{"start":{"line":57,"column":22},"end":{"line":57,"column":40}}],"line":57},"6":{"loc":{"start":{"line":66,"column":8},"end":{"line":72,"column":9}},"type":"if","locations":[{"start":{"line":66,"column":8},"end":{"line":72,"column":9}},{"start":{},"end":{}}],"line":66},"7":{"loc":{"start":{"line":69,"column":16},"end":{"line":69,"column":40}},"type":"if","locations":[{"start":{"line":69,"column":16},"end":{"line":69,"column":40}},{"start":{},"end":{}}],"line":69},"8":{"loc":{"start":{"line":70,"column":23},"end":{"line":70,"column":75}},"type":"binary-expr","locations":[{"start":{"line":70,"column":23},"end":{"line":70,"column":47}},{"start":{"line":70,"column":51},"end":{"line":70,"column":75}}],"line":70},"9":{"loc":{"start":{"line":80,"column":4},"end":{"line":86,"column":5}},"type":"if","locations":[{"start":{"line":80,"column":4},"end":{"line":86,"column":5}},{"start":{},"end":{}}],"line":80},"10":{"loc":{"start":{"line":88,"column":4},"end":{"line":94,"column":5}},"type":"if","locations":[{"start":{"line":88,"column":4},"end":{"line":94,"column":5}},{"start":{},"end":{}}],"line":88},"11":{"loc":{"start":{"line":96,"column":4},"end":{"line":102,"column":5}},"type":"if","locations":[{"start":{"line":96,"column":4},"end":{"line":102,"column":5}},{"start":{},"end":{}}],"line":96},"12":{"loc":{"start":{"line":113,"column":21},"end":{"line":115,"column":21}},"type":"binary-expr","locations":[{"start":{"line":113,"column":21},"end":{"line":113,"column":37}},{"start":{"line":114,"column":24},"end":{"line":114,"column":61}}],"line":113},"13":{"loc":{"start":{"line":131,"column":43},"end":{"line":131,"column":84}},"type":"cond-expr","locations":[{"start":{"line":131,"column":69},"end":{"line":131,"column":76}},{"start":{"line":131,"column":79},"end":{"line":131,"column":84}}],"line":131},"14":{"loc":{"start":{"line":135,"column":37},"end":{"line":135,"column":80}},"type":"cond-expr","locations":[{"start":{"line":135,"column":63},"end":{"line":135,"column":69}},{"start":{"line":135,"column":72},"end":{"line":135,"column":80}}],"line":135}},"s":{"0":1,"1":22,"2":22,"3":22,"4":22,"5":22,"6":8,"7":22,"8":8,"9":8,"10":6,"11":6,"12":8,"13":8,"14":8,"15":6,"16":3,"17":3,"18":3,"19":3,"20":0,"21":6,"22":1,"23":1,"24":7,"25":22,"26":1,"27":1,"28":0,"29":1,"30":22,"31":22,"32":0,"33":22,"34":22,"35":22,"36":22,"37":22,"38":22,"39":22,"40":22,"41":22,"42":22,"43":22,"44":0,"45":22,"46":0,"47":22,"48":1,"49":22,"50":15,"51":7,"52":1,"53":6,"54":1,"55":5,"56":13,"57":8,"58":1,"59":1,"60":1},"f":{"0":22,"1":8,"2":8,"3":8,"4":3,"5":1,"6":22,"7":22,"8":22,"9":1,"10":13,"11":8,"12":1,"13":1},"b":{"0":[3,0],"1":[0,0],"2":[0,1],"3":[0,0],"4":[0,22],"5":[22,22],"6":[22,0],"7":[0,22],"8":[22,22],"9":[15,7],"10":[1,6],"11":[1,5],"12":[5,0],"13":[8,0],"14":[8,0]},"_coverageSchema":"1a1c01bbd47fc00a2c39e90264f33305004495a9","hash":"8662a877fe8e76fd4529b67f666157917d5bf7eb"}
,"/Users/sung-linhsieh/Desktop/Netnutrition-app/screens/HourScreen.js": {"path":"/Users/sung-linhsieh/Desktop/Netnutrition-app/screens/HourScreen.js","statementMap":{"0":{"start":{"line":5,"column":20},"end":{"line":66,"column":1}},"1":{"start":{"line":6,"column":25},"end":{"line":6,"column":37}},"2":{"start":{"line":7,"column":30},"end":{"line":7,"column":42}},"3":{"start":{"line":8,"column":19},"end":{"line":8,"column":28}},"4":{"start":{"line":10,"column":4},"end":{"line":12,"column":11}},"5":{"start":{"line":11,"column":8},"end":{"line":11,"column":21}},"6":{"start":{"line":14,"column":23},"end":{"line":37,"column":5}},"7":{"start":{"line":15,"column":8},"end":{"line":36,"column":9}},"8":{"start":{"line":16,"column":29},"end":{"line":16,"column":96}},"9":{"start":{"line":17,"column":25},"end":{"line":17,"column":46}},"10":{"start":{"line":20,"column":35},"end":{"line":31,"column":15}},"11":{"start":{"line":20,"column":56},"end":{"line":31,"column":13}},"12":{"start":{"line":33,"column":12},"end":{"line":33,"column":37}},"13":{"start":{"line":35,"column":12},"end":{"line":35,"column":58}},"14":{"start":{"line":39,"column":23},"end":{"line":45,"column":5}},"15":{"start":{"line":40,"column":33},"end":{"line":40,"column":48}},"16":{"start":{"line":41,"column":21},"end":{"line":41,"column":40}},"17":{"start":{"line":42,"column":21},"end":{"line":42,"column":45}},"18":{"start":{"line":43,"column":29},"end":{"line":43,"column":44}},"19":{"start":{"line":44,"column":8},"end":{"line":44,"column":52}},"20":{"start":{"line":47,"column":26},"end":{"line":54,"column":5}},"21":{"start":{"line":48,"column":8},"end":{"line":53,"column":15}},"22":{"start":{"line":56,"column":4},"end":{"line":65,"column":6}},"23":{"start":{"line":61,"column":40},"end":{"line":61,"column":48}},"24":{"start":{"line":68,"column":15},"end":{"line":93,"column":2}}},"fnMap":{"0":{"name":"(anonymous_0)","decl":{"start":{"line":5,"column":20},"end":{"line":5,"column":21}},"loc":{"start":{"line":5,"column":35},"end":{"line":66,"column":1}},"line":5},"1":{"name":"(anonymous_1)","decl":{"start":{"line":10,"column":14},"end":{"line":10,"column":15}},"loc":{"start":{"line":10,"column":20},"end":{"line":12,"column":5}},"line":10},"2":{"name":"(anonymous_2)","decl":{"start":{"line":14,"column":23},"end":{"line":14,"column":24}},"loc":{"start":{"line":14,"column":35},"end":{"line":37,"column":5}},"line":14},"3":{"name":"(anonymous_3)","decl":{"start":{"line":20,"column":44},"end":{"line":20,"column":45}},"loc":{"start":{"line":20,"column":56},"end":{"line":31,"column":13}},"line":20},"4":{"name":"(anonymous_4)","decl":{"start":{"line":39,"column":23},"end":{"line":39,"column":24}},"loc":{"start":{"line":39,"column":33},"end":{"line":45,"column":5}},"line":39},"5":{"name":"(anonymous_5)","decl":{"start":{"line":47,"column":26},"end":{"line":47,"column":27}},"loc":{"start":{"line":48,"column":8},"end":{"line":53,"column":15}},"line":48},"6":{"name":"(anonymous_6)","decl":{"start":{"line":61,"column":30},"end":{"line":61,"column":31}},"loc":{"start":{"line":61,"column":40},"end":{"line":61,"column":48}},"line":61}},"branchMap":{"0":{"loc":{"start":{"line":22,"column":27},"end":{"line":24,"column":30}},"type":"cond-expr","locations":[{"start":{"line":23,"column":22},"end":{"line":23,"column":114}},{"start":{"line":24,"column":22},"end":{"line":24,"column":30}}],"line":22},"1":{"loc":{"start":{"line":25,"column":23},"end":{"line":27,"column":30}},"type":"cond-expr","locations":[{"start":{"line":26,"column":22},"end":{"line":26,"column":106}},{"start":{"line":27,"column":22},"end":{"line":27,"column":30}}],"line":25},"2":{"loc":{"start":{"line":28,"column":24},"end":{"line":30,"column":30}},"type":"cond-expr","locations":[{"start":{"line":29,"column":22},"end":{"line":29,"column":108}},{"start":{"line":30,"column":22},"end":{"line":30,"column":30}}],"line":28},"3":{"loc":{"start":{"line":42,"column":21},"end":{"line":42,"column":45}},"type":"cond-expr","locations":[{"start":{"line":42,"column":34},"end":{"line":42,"column":38}},{"start":{"line":42,"column":41},"end":{"line":42,"column":45}}],"line":42},"4":{"loc":{"start":{"line":43,"column":29},"end":{"line":43,"column":44}},"type":"binary-expr","locations":[{"start":{"line":43,"column":29},"end":{"line":43,"column":38}},{"start":{"line":43,"column":42},"end":{"line":43,"column":44}}],"line":43}},"s":{"0":1,"1":15,"2":15,"3":15,"4":15,"5":8,"6":15,"7":8,"8":8,"9":7,"10":7,"11":11,"12":7,"13":1,"14":15,"15":52,"16":52,"17":52,"18":52,"19":52,"20":15,"21":11,"22":15,"23":18,"24":1},"f":{"0":15,"1":8,"2":8,"3":11,"4":52,"5":11,"6":18},"b":{"0":[6,5],"1":[10,1],"2":[10,1],"3":[31,21],"4":[52,2]},"_coverageSchema":"1a1c01bbd47fc00a2c39e90264f33305004495a9","hash":"253dd4067a241dc5f6a9c9ea89791c02c7020b66"}
,"/Users/sung-linhsieh/Desktop/Netnutrition-app/screens/Login.js": {"path":"/Users/sung-linhsieh/Desktop/Netnutrition-app/screens/Login.js","statementMap":{"0":{"start":{"line":6,"column":14},"end":{"line":63,"column":1}},"1":{"start":{"line":7,"column":30},"end":{"line":7,"column":42}},"2":{"start":{"line":8,"column":36},"end":{"line":8,"column":48}},"3":{"start":{"line":9,"column":34},"end":{"line":9,"column":49}},"4":{"start":{"line":11,"column":24},"end":{"line":30,"column":5}},"5":{"start":{"line":12,"column":8},"end":{"line":15,"column":9}},"6":{"start":{"line":13,"column":12},"end":{"line":13,"column":64}},"7":{"start":{"line":14,"column":12},"end":{"line":14,"column":19}},"8":{"start":{"line":17,"column":8},"end":{"line":29,"column":9}},"9":{"start":{"line":18,"column":12},"end":{"line":18,"column":29}},"10":{"start":{"line":19,"column":35},"end":{"line":19,"column":90}},"11":{"start":{"line":20,"column":25},"end":{"line":20,"column":44}},"12":{"start":{"line":21,"column":12},"end":{"line":24,"column":15}},"13":{"start":{"line":26,"column":12},"end":{"line":26,"column":48}},"14":{"start":{"line":28,"column":12},"end":{"line":28,"column":30}},"15":{"start":{"line":32,"column":4},"end":{"line":62,"column":6}},"16":{"start":{"line":59,"column":60},"end":{"line":59,"column":95}},"17":{"start":{"line":65,"column":15},"end":{"line":89,"column":2}}},"fnMap":{"0":{"name":"(anonymous_0)","decl":{"start":{"line":6,"column":14},"end":{"line":6,"column":15}},"loc":{"start":{"line":6,"column":34},"end":{"line":63,"column":1}},"line":6},"1":{"name":"(anonymous_1)","decl":{"start":{"line":11,"column":24},"end":{"line":11,"column":25}},"loc":{"start":{"line":11,"column":36},"end":{"line":30,"column":5}},"line":11},"2":{"name":"(anonymous_2)","decl":{"start":{"line":59,"column":54},"end":{"line":59,"column":55}},"loc":{"start":{"line":59,"column":60},"end":{"line":59,"column":95}},"line":59}},"branchMap":{"0":{"loc":{"start":{"line":12,"column":8},"end":{"line":15,"column":9}},"type":"if","locations":[{"start":{"line":12,"column":8},"end":{"line":15,"column":9}},{"start":{},"end":{}}],"line":12},"1":{"loc":{"start":{"line":12,"column":12},"end":{"line":12,"column":31}},"type":"binary-expr","locations":[{"start":{"line":12,"column":12},"end":{"line":12,"column":18}},{"start":{"line":12,"column":22},"end":{"line":12,"column":31}}],"line":12},"2":{"loc":{"start":{"line":22,"column":22},"end":{"line":22,"column":48}},"type":"binary-expr","locations":[{"start":{"line":22,"column":22},"end":{"line":22,"column":38}},{"start":{"line":22,"column":42},"end":{"line":22,"column":48}}],"line":22},"3":{"loc":{"start":{"line":53,"column":23},"end":{"line":53,"column":56}},"type":"cond-expr","locations":[{"start":{"line":53,"column":33},"end":{"line":53,"column":45}},{"start":{"line":53,"column":48},"end":{"line":53,"column":56}}],"line":53}},"s":{"0":1,"1":26,"2":26,"3":26,"4":26,"5":7,"6":3,"7":3,"8":4,"9":4,"10":4,"11":2,"12":2,"13":1,"14":3,"15":26,"16":1,"17":1},"f":{"0":26,"1":7,"2":1},"b":{"0":[3,4],"1":[7,5],"2":[2,1],"3":[4,22]},"_coverageSchema":"1a1c01bbd47fc00a2c39e90264f33305004495a9","hash":"a164f733ea1948eab6def31a30a3e7ffb87d0b79"}
,"/Users/sung-linhsieh/Desktop/Netnutrition-app/screens/ProfileScreen.js": {"path":"/Users/sung-linhsieh/Desktop/Netnutrition-app/screens/ProfileScreen.js","statementMap":{"0":{"start":{"line":4,"column":22},"end":{"line":22,"column":1}},"1":{"start":{"line":5,"column":4},"end":{"line":21,"column":6}},"2":{"start":{"line":13,"column":31},"end":{"line":13,"column":59}},"3":{"start":{"line":18,"column":31},"end":{"line":18,"column":66}},"4":{"start":{"line":24,"column":15},"end":{"line":35,"column":2}}},"fnMap":{"0":{"name":"(anonymous_0)","decl":{"start":{"line":4,"column":22},"end":{"line":4,"column":23}},"loc":{"start":{"line":4,"column":42},"end":{"line":22,"column":1}},"line":4},"1":{"name":"(anonymous_1)","decl":{"start":{"line":13,"column":25},"end":{"line":13,"column":26}},"loc":{"start":{"line":13,"column":31},"end":{"line":13,"column":59}},"line":13},"2":{"name":"(anonymous_2)","decl":{"start":{"line":18,"column":25},"end":{"line":18,"column":26}},"loc":{"start":{"line":18,"column":31},"end":{"line":18,"column":66}},"line":18}},"branchMap":{},"s":{"0":1,"1":3,"2":1,"3":1,"4":1},"f":{"0":3,"1":1,"2":1},"b":{},"_coverageSchema":"1a1c01bbd47fc00a2c39e90264f33305004495a9","hash":"a2d340f245042052c56623c740a72292f42b7c3d"}
,"/Users/sung-linhsieh/Desktop/Netnutrition-app/screens/Registration.js": {"path":"/Users/sung-linhsieh/Desktop/Netnutrition-app/screens/Registration.js","statementMap":{"0":{"start":{"line":7,"column":23},"end":{"line":99,"column":1}},"1":{"start":{"line":8,"column":28},"end":{"line":8,"column":40}},"2":{"start":{"line":9,"column":30},"end":{"line":9,"column":42}},"3":{"start":{"line":10,"column":36},"end":{"line":10,"column":48}},"4":{"start":{"line":11,"column":34},"end":{"line":11,"column":49}},"5":{"start":{"line":13,"column":26},"end":{"line":16,"column":5}},"6":{"start":{"line":14,"column":27},"end":{"line":14,"column":55}},"7":{"start":{"line":15,"column":8},"end":{"line":15,"column":38}},"8":{"start":{"line":18,"column":27},"end":{"line":50,"column":5}},"9":{"start":{"line":19,"column":8},"end":{"line":22,"column":9}},"10":{"start":{"line":20,"column":12},"end":{"line":20,"column":64}},"11":{"start":{"line":21,"column":12},"end":{"line":21,"column":19}},"12":{"start":{"line":24,"column":8},"end":{"line":27,"column":9}},"13":{"start":{"line":25,"column":12},"end":{"line":25,"column":72}},"14":{"start":{"line":26,"column":12},"end":{"line":26,"column":19}},"15":{"start":{"line":29,"column":8},"end":{"line":32,"column":9}},"16":{"start":{"line":30,"column":12},"end":{"line":30,"column":81}},"17":{"start":{"line":31,"column":12},"end":{"line":31,"column":19}},"18":{"start":{"line":34,"column":8},"end":{"line":49,"column":9}},"19":{"start":{"line":35,"column":12},"end":{"line":35,"column":29}},"20":{"start":{"line":36,"column":35},"end":{"line":36,"column":94}},"21":{"start":{"line":37,"column":25},"end":{"line":37,"column":44}},"22":{"start":{"line":39,"column":12},"end":{"line":41,"column":15}},"23":{"start":{"line":43,"column":12},"end":{"line":43,"column":78}},"24":{"start":{"line":44,"column":12},"end":{"line":44,"column":51}},"25":{"start":{"line":46,"column":12},"end":{"line":46,"column":48}},"26":{"start":{"line":48,"column":12},"end":{"line":48,"column":30}},"27":{"start":{"line":52,"column":4},"end":{"line":98,"column":6}},"28":{"start":{"line":90,"column":35},"end":{"line":90,"column":63}},"29":{"start":{"line":101,"column":15},"end":{"line":125,"column":2}}},"fnMap":{"0":{"name":"(anonymous_0)","decl":{"start":{"line":7,"column":23},"end":{"line":7,"column":24}},"loc":{"start":{"line":7,"column":43},"end":{"line":99,"column":1}},"line":7},"1":{"name":"(anonymous_1)","decl":{"start":{"line":13,"column":26},"end":{"line":13,"column":27}},"loc":{"start":{"line":13,"column":37},"end":{"line":16,"column":5}},"line":13},"2":{"name":"(anonymous_2)","decl":{"start":{"line":18,"column":27},"end":{"line":18,"column":28}},"loc":{"start":{"line":18,"column":39},"end":{"line":50,"column":5}},"line":18},"3":{"name":"(anonymous_3)","decl":{"start":{"line":90,"column":29},"end":{"line":90,"column":30}},"loc":{"start":{"line":90,"column":35},"end":{"line":90,"column":63}},"line":90}},"branchMap":{"0":{"loc":{"start":{"line":19,"column":8},"end":{"line":22,"column":9}},"type":"if","locations":[{"start":{"line":19,"column":8},"end":{"line":22,"column":9}},{"start":{},"end":{}}],"line":19},"1":{"loc":{"start":{"line":19,"column":12},"end":{"line":19,"column":40}},"type":"binary-expr","locations":[{"start":{"line":19,"column":12},"end":{"line":19,"column":17}},{"start":{"line":19,"column":21},"end":{"line":19,"column":27}},{"start":{"line":19,"column":31},"end":{"line":19,"column":40}}],"line":19},"2":{"loc":{"start":{"line":24,"column":8},"end":{"line":27,"column":9}},"type":"if","locations":[{"start":{"line":24,"column":8},"end":{"line":27,"column":9}},{"start":{},"end":{}}],"line":24},"3":{"loc":{"start":{"line":29,"column":8},"end":{"line":32,"column":9}},"type":"if","locations":[{"start":{"line":29,"column":8},"end":{"line":32,"column":9}},{"start":{},"end":{}}],"line":29},"4":{"loc":{"start":{"line":81,"column":27},"end":{"line":81,"column":62}},"type":"cond-expr","locations":[{"start":{"line":81,"column":37},"end":{"line":81,"column":49}},{"start":{"line":81,"column":52},"end":{"line":81,"column":62}}],"line":81}},"s":{"0":1,"1":21,"2":21,"3":21,"4":21,"5":21,"6":4,"7":4,"8":21,"9":5,"10":1,"11":1,"12":4,"13":1,"14":1,"15":3,"16":1,"17":1,"18":2,"19":2,"20":2,"21":1,"22":1,"23":1,"24":1,"25":0,"26":1,"27":21,"28":0,"29":1},"f":{"0":21,"1":4,"2":5,"3":0},"b":{"0":[1,4],"1":[5,4,4],"2":[1,3],"3":[1,2],"4":[2,19]},"_coverageSchema":"1a1c01bbd47fc00a2c39e90264f33305004495a9","hash":"6191124c5794fd34b78452f21bcef7ee2022b023"}
}
