TN:
SF:firebase.js
FNF:0
FNH:0
DA:6,3
DA:16,3
DA:18,3
LF:3
LH:3
BRF:0
BRH:0
end_of_record
TN:
SF:components/ThemedText.tsx
FN:11,ThemedText
FNF:1
FNH:1
FNDA:1,ThemedText
DA:18,1
DA:20,1
DA:36,1
LF:3
LH:3
BRDA:15,0,0,1
BRDA:24,1,0,1
BRDA:24,1,1,0
BRDA:25,2,0,0
BRDA:25,2,1,1
BRDA:26,3,0,0
BRDA:26,3,1,1
BRDA:27,4,0,0
BRDA:27,4,1,1
BRDA:28,5,0,0
BRDA:28,5,1,1
BRF:11
BRH:6
end_of_record
TN:
SF:constants/Colors.ts
FNF:0
FNH:0
DA:6,1
DA:7,1
DA:9,1
LF:3
LH:3
BRF:0
BRH:0
end_of_record
TN:
SF:hooks/useThemeColor.ts
FN:10,useThemeColor
FNF:1
FNH:1
FNDA:1,useThemeColor
DA:14,1
DA:15,1
DA:17,1
DA:18,0
DA:20,1
LF:5
LH:4
BRDA:14,0,0,1
BRDA:14,0,1,0
BRDA:17,1,0,0
BRDA:17,1,1,1
BRF:4
BRH:2
end_of_record
TN:
SF:screens/DiningHalls.js
FN:8,(anonymous_0)
FN:14,(anonymous_1)
FN:18,(anonymous_2)
FN:22,(anonymous_3)
FN:28,(anonymous_4)
FN:44,(anonymous_5)
FN:56,(anonymous_6)
FN:65,(anonymous_7)
FN:68,(anonymous_8)
FN:76,(anonymous_9)
FN:122,(anonymous_10)
FN:123,(anonymous_11)
FN:144,(anonymous_12)
FN:153,(anonymous_13)
FNF:14
FNH:14
FNDA:22,(anonymous_0)
FNDA:8,(anonymous_1)
FNDA:8,(anonymous_2)
FNDA:8,(anonymous_3)
FNDA:3,(anonymous_4)
FNDA:1,(anonymous_5)
FNDA:22,(anonymous_6)
FNDA:22,(anonymous_7)
FNDA:22,(anonymous_8)
FNDA:1,(anonymous_9)
FNDA:13,(anonymous_10)
FNDA:8,(anonymous_11)
FNDA:1,(anonymous_12)
FNDA:1,(anonymous_13)
DA:8,1
DA:9,22
DA:10,22
DA:11,22
DA:12,22
DA:14,22
DA:15,8
DA:18,22
DA:19,8
DA:20,8
DA:21,6
DA:22,6
DA:23,8
DA:24,8
DA:25,8
DA:28,6
DA:29,3
DA:30,3
DA:31,3
DA:32,0
DA:35,6
DA:37,1
DA:38,1
DA:40,7
DA:44,22
DA:45,1
DA:46,1
DA:47,0
DA:52,1
DA:56,22
DA:57,22
DA:59,22
DA:60,22
DA:61,22
DA:62,22
DA:63,22
DA:65,22
DA:66,22
DA:67,22
DA:68,22
DA:69,22
DA:70,22
DA:73,0
DA:76,22
DA:77,1
DA:80,22
DA:81,15
DA:88,7
DA:89,1
DA:96,6
DA:97,1
DA:104,5
DA:122,13
DA:124,8
DA:144,1
DA:153,1
DA:166,1
LF:57
LH:54
BRDA:31,0,0,3
BRDA:31,0,1,0
BRDA:32,1,0,0
BRDA:32,1,1,0
BRDA:46,2,0,0
BRDA:46,2,1,1
BRDA:48,3,0,0
BRDA:48,3,1,0
BRDA:57,4,0,0
BRDA:57,4,1,22
BRDA:57,5,0,22
BRDA:57,5,1,22
BRDA:66,6,0,22
BRDA:66,6,1,0
BRDA:69,7,0,0
BRDA:69,7,1,22
BRDA:70,8,0,22
BRDA:70,8,1,22
BRDA:80,9,0,15
BRDA:80,9,1,7
BRDA:88,10,0,1
BRDA:88,10,1,6
BRDA:96,11,0,1
BRDA:96,11,1,5
BRDA:113,12,0,5
BRDA:113,12,1,0
BRDA:131,13,0,8
BRDA:131,13,1,0
BRDA:135,14,0,8
BRDA:135,14,1,0
BRF:30
BRH:18
end_of_record
TN:
SF:screens/HourScreen.js
FN:5,(anonymous_0)
FN:10,(anonymous_1)
FN:14,(anonymous_2)
FN:20,(anonymous_3)
FN:39,(anonymous_4)
FN:47,(anonymous_5)
FN:61,(anonymous_6)
FNF:7
FNH:7
FNDA:15,(anonymous_0)
FNDA:8,(anonymous_1)
FNDA:8,(anonymous_2)
FNDA:11,(anonymous_3)
FNDA:52,(anonymous_4)
FNDA:11,(anonymous_5)
FNDA:18,(anonymous_6)
DA:5,1
DA:6,15
DA:7,15
DA:8,15
DA:10,15
DA:11,8
DA:14,15
DA:15,8
DA:16,8
DA:17,7
DA:20,11
DA:33,7
DA:35,1
DA:39,15
DA:40,52
DA:41,52
DA:42,52
DA:43,52
DA:44,52
DA:47,15
DA:48,11
DA:56,15
DA:61,18
DA:68,1
LF:24
LH:24
BRDA:22,0,0,6
BRDA:22,0,1,5
BRDA:25,1,0,10
BRDA:25,1,1,1
BRDA:28,2,0,10
BRDA:28,2,1,1
BRDA:42,3,0,31
BRDA:42,3,1,21
BRDA:43,4,0,52
BRDA:43,4,1,2
BRF:10
BRH:10
end_of_record
TN:
SF:screens/Login.js
FN:6,(anonymous_0)
FN:11,(anonymous_1)
FN:59,(anonymous_2)
FNF:3
FNH:3
FNDA:26,(anonymous_0)
FNDA:7,(anonymous_1)
FNDA:1,(anonymous_2)
DA:6,1
DA:7,26
DA:8,26
DA:9,26
DA:11,26
DA:12,7
DA:13,3
DA:14,3
DA:17,4
DA:18,4
DA:19,4
DA:20,2
DA:21,2
DA:26,1
DA:28,3
DA:32,26
DA:59,1
DA:65,1
LF:18
LH:18
BRDA:12,0,0,3
BRDA:12,0,1,4
BRDA:12,1,0,7
BRDA:12,1,1,5
BRDA:22,2,0,2
BRDA:22,2,1,1
BRDA:53,3,0,4
BRDA:53,3,1,22
BRF:8
BRH:8
end_of_record
TN:
SF:screens/ProfileScreen.js
FN:4,(anonymous_0)
FN:13,(anonymous_1)
FN:18,(anonymous_2)
FNF:3
FNH:3
FNDA:3,(anonymous_0)
FNDA:1,(anonymous_1)
FNDA:1,(anonymous_2)
DA:4,1
DA:5,3
DA:13,1
DA:18,1
DA:24,1
LF:5
LH:5
BRF:0
BRH:0
end_of_record
TN:
SF:screens/Registration.js
FN:7,(anonymous_0)
FN:13,(anonymous_1)
FN:18,(anonymous_2)
FN:90,(anonymous_3)
FNF:4
FNH:3
FNDA:21,(anonymous_0)
FNDA:4,(anonymous_1)
FNDA:5,(anonymous_2)
FNDA:0,(anonymous_3)
DA:7,1
DA:8,21
DA:9,21
DA:10,21
DA:11,21
DA:13,21
DA:14,4
DA:15,4
DA:18,21
DA:19,5
DA:20,1
DA:21,1
DA:24,4
DA:25,1
DA:26,1
DA:29,3
DA:30,1
DA:31,1
DA:34,2
DA:35,2
DA:36,2
DA:37,1
DA:39,1
DA:43,1
DA:44,1
DA:46,0
DA:48,1
DA:52,21
DA:90,0
DA:101,1
LF:30
LH:28
BRDA:19,0,0,1
BRDA:19,0,1,4
BRDA:19,1,0,5
BRDA:19,1,1,4
BRDA:19,1,2,4
BRDA:24,2,0,1
BRDA:24,2,1,3
BRDA:29,3,0,1
BRDA:29,3,1,2
BRDA:81,4,0,2
BRDA:81,4,1,19
BRF:11
BRH:11
end_of_record
